{
  message: '📋 Database connected successfully',
  level: 'info',
  label: 'Folder Structure Task',
  timestamp: '2023-10-22T13:18:38.970Z'
}
{
  message: 'Application listening on port 4000',
  level: 'info',
  label: 'Folder Structure Task',
  timestamp: '2023-10-22T13:18:38.983Z'
}
{
  message: '📋 Database connected successfully',
  level: 'info',
  label: 'Folder Structure Task',
  timestamp: '2023-10-22T13:19:07.342Z'
}
{
  message: 'Application listening on port 4000',
  level: 'info',
  label: 'Folder Structure Task',
  timestamp: '2023-10-22T13:19:07.357Z'
}
{
  message: '📋 Database connected successfully',
  level: 'info',
  label: 'Folder Structure Task',
  timestamp: '2023-10-22T13:19:46.451Z'
}
{
  message: 'Application listening on port 4000',
  level: 'info',
  label: 'Folder Structure Task',
  timestamp: '2023-10-22T13:19:46.459Z'
}
{
  message: '📋 Database connected successfully',
  level: 'info',
  label: 'Folder Structure Task',
  timestamp: '2023-10-22T13:20:17.815Z'
}
{
  message: 'Application listening on port 4000',
  level: 'info',
  label: 'Folder Structure Task',
  timestamp: '2023-10-22T13:20:17.824Z'
}
{
  message: '📋 Database connected successfully',
  level: 'info',
  label: 'Folder Structure Task',
  timestamp: '2023-10-22T13:43:22.035Z'
}
{
  message: 'Application listening on port 4000',
  level: 'info',
  label: 'Folder Structure Task',
  timestamp: '2023-10-22T13:43:22.053Z'
}
{
  message: '📋 Database connected successfully',
  level: 'info',
  label: 'Folder Structure Task',
  timestamp: '2023-10-22T13:45:49.042Z'
}
{
  message: 'Application listening on port 4000',
  level: 'info',
  label: 'Folder Structure Task',
  timestamp: '2023-10-22T13:45:49.051Z'
}
{
  message: '📋 Database connected successfully',
  level: 'info',
  label: 'Folder Structure Task',
  timestamp: '2023-10-22T13:48:30.527Z'
}
{
  message: 'Application listening on port 4000',
  level: 'info',
  label: 'Folder Structure Task',
  timestamp: '2023-10-22T13:48:30.538Z'
}
{
  message: '📋 Database connected successfully',
  level: 'info',
  label: 'Folder Structure Task',
  timestamp: '2023-10-22T13:50:31.100Z'
}
{
  message: 'Application listening on port 4000',
  level: 'info',
  label: 'Folder Structure Task',
  timestamp: '2023-10-22T13:50:31.112Z'
}
{
  message: '📋 Database connected successfully',
  level: 'info',
  label: 'Folder Structure Task',
  timestamp: '2023-10-22T13:57:32.103Z'
}
{
  message: 'Application listening on port 4000',
  level: 'info',
  label: 'Folder Structure Task',
  timestamp: '2023-10-22T13:57:32.115Z'
}
{
  message: '📋 Database connected successfully',
  level: 'info',
  label: 'Folder Structure Task',
  timestamp: '2023-10-22T13:58:05.263Z'
}
{
  message: 'Application listening on port 4000',
  level: 'info',
  label: 'Folder Structure Task',
  timestamp: '2023-10-22T13:58:05.274Z'
}
{
  message: '📋 Database connected successfully',
  level: 'info',
  label: 'Folder Structure Task',
  timestamp: '2023-10-22T13:58:21.114Z'
}
{
  message: 'Application listening on port 4000',
  level: 'info',
  label: 'Folder Structure Task',
  timestamp: '2023-10-22T13:58:21.129Z'
}
