{
  message: '📋 Database connected successfully',
  level: 'info',
  label: 'Folder Structure Task',
  timestamp: '2023-10-22T15:02:27.048Z'
}
{
  message: 'Application listening on port 4000',
  level: 'info',
  label: 'Folder Structure Task',
  timestamp: '2023-10-22T15:02:27.061Z'
}
{
  message: '📋 Database connected successfully',
  level: 'info',
  label: 'Folder Structure Task',
  timestamp: '2023-10-22T15:02:47.311Z'
}
{
  message: 'Application listening on port 4000',
  level: 'info',
  label: 'Folder Structure Task',
  timestamp: '2023-10-22T15:02:47.322Z'
}
{
  message: '📋 Database connected successfully',
  level: 'info',
  label: 'Folder Structure Task',
  timestamp: '2023-10-22T15:04:12.322Z'
}
{
  message: 'Application listening on port 4000',
  level: 'info',
  label: 'Folder Structure Task',
  timestamp: '2023-10-22T15:04:12.333Z'
}
{
  message: '📋 Database connected successfully',
  level: 'info',
  label: 'Folder Structure Task',
  timestamp: '2023-10-22T15:13:03.503Z'
}
{
  message: 'Application listening on port 4000',
  level: 'info',
  label: 'Folder Structure Task',
  timestamp: '2023-10-22T15:13:03.516Z'
}
{
  message: '📋 Database connected successfully',
  level: 'info',
  label: 'Folder Structure Task',
  timestamp: '2023-10-22T15:14:47.073Z'
}
{
  message: 'Application listening on port 4000',
  level: 'info',
  label: 'Folder Structure Task',
  timestamp: '2023-10-22T15:14:47.085Z'
}
{
  message: '📋 Database connected successfully',
  level: 'info',
  label: 'Folder Structure Task',
  timestamp: '2023-10-22T15:15:24.107Z'
}
{
  message: 'Application listening on port 4000',
  level: 'info',
  label: 'Folder Structure Task',
  timestamp: '2023-10-22T15:15:24.119Z'
}
{
  message: '📋 Database connected successfully',
  level: 'info',
  label: 'Folder Structure Task',
  timestamp: '2023-10-22T15:15:52.250Z'
}
{
  message: 'Application listening on port 4000',
  level: 'info',
  label: 'Folder Structure Task',
  timestamp: '2023-10-22T15:15:52.260Z'
}
{
  message: '📋 Database connected successfully',
  level: 'info',
  label: 'Folder Structure Task',
  timestamp: '2023-10-22T15:21:34.579Z'
}
{
  message: 'Application listening on port 4000',
  level: 'info',
  label: 'Folder Structure Task',
  timestamp: '2023-10-22T15:21:34.588Z'
}
