{
  message: '📋 Database connected successfully',
  level: 'info',
  label: 'Folder Structure Task',
  timestamp: '2023-10-22T14:03:02.743Z'
}
{
  message: 'Application listening on port 4000',
  level: 'info',
  label: 'Folder Structure Task',
  timestamp: '2023-10-22T14:03:02.755Z'
}
{
  message: '📋 Database connected successfully',
  level: 'info',
  label: 'Folder Structure Task',
  timestamp: '2023-10-22T14:03:12.379Z'
}
{
  message: 'Application listening on port 4000',
  level: 'info',
  label: 'Folder Structure Task',
  timestamp: '2023-10-22T14:03:12.392Z'
}
{
  message: '📋 Database connected successfully',
  level: 'info',
  label: 'Folder Structure Task',
  timestamp: '2023-10-22T14:03:27.381Z'
}
{
  message: 'Application listening on port 4000',
  level: 'info',
  label: 'Folder Structure Task',
  timestamp: '2023-10-22T14:03:27.393Z'
}
{
  message: '📋 Database connected successfully',
  level: 'info',
  label: 'Folder Structure Task',
  timestamp: '2023-10-22T14:03:56.358Z'
}
{
  message: 'Application listening on port 4000',
  level: 'info',
  label: 'Folder Structure Task',
  timestamp: '2023-10-22T14:03:56.371Z'
}
{
  message: '📋 Database connected successfully',
  level: 'info',
  label: 'Folder Structure Task',
  timestamp: '2023-10-22T14:21:07.618Z'
}
{
  message: 'Application listening on port 4000',
  level: 'info',
  label: 'Folder Structure Task',
  timestamp: '2023-10-22T14:21:07.630Z'
}
{
  message: '📋 Database connected successfully',
  level: 'info',
  label: 'Folder Structure Task',
  timestamp: '2023-10-22T14:21:29.302Z'
}
{
  message: 'Application listening on port 4000',
  level: 'info',
  label: 'Folder Structure Task',
  timestamp: '2023-10-22T14:21:29.312Z'
}
{
  message: '📋 Database connected successfully',
  level: 'info',
  label: 'Folder Structure Task',
  timestamp: '2023-10-22T14:21:33.698Z'
}
{
  message: 'Application listening on port 4000',
  level: 'info',
  label: 'Folder Structure Task',
  timestamp: '2023-10-22T14:21:33.710Z'
}
{
  message: '📋 Database connected successfully',
  level: 'info',
  label: 'Folder Structure Task',
  timestamp: '2023-10-22T14:22:01.594Z'
}
{
  message: 'Application listening on port 4000',
  level: 'info',
  label: 'Folder Structure Task',
  timestamp: '2023-10-22T14:22:01.606Z'
}
{
  message: '📋 Database connected successfully',
  level: 'info',
  label: 'Folder Structure Task',
  timestamp: '2023-10-22T14:22:11.378Z'
}
{
  message: 'Application listening on port 4000',
  level: 'info',
  label: 'Folder Structure Task',
  timestamp: '2023-10-22T14:22:11.391Z'
}
{
  message: '📋 Database connected successfully',
  level: 'info',
  label: 'Folder Structure Task',
  timestamp: '2023-10-22T14:22:29.690Z'
}
{
  message: 'Application listening on port 4000',
  level: 'info',
  label: 'Folder Structure Task',
  timestamp: '2023-10-22T14:22:29.703Z'
}
{
  message: '📋 Database connected successfully',
  level: 'info',
  label: 'Folder Structure Task',
  timestamp: '2023-10-22T14:23:12.417Z'
}
{
  message: 'Application listening on port 4000',
  level: 'info',
  label: 'Folder Structure Task',
  timestamp: '2023-10-22T14:23:12.427Z'
}
{
  message: '📋 Database connected successfully',
  level: 'info',
  label: 'Folder Structure Task',
  timestamp: '2023-10-22T14:31:37.805Z'
}
{
  message: 'Application listening on port 4000',
  level: 'info',
  label: 'Folder Structure Task',
  timestamp: '2023-10-22T14:31:37.817Z'
}
{
  message: '📋 Database connected successfully',
  level: 'info',
  label: 'Folder Structure Task',
  timestamp: '2023-10-22T14:31:43.954Z'
}
{
  message: 'Application listening on port 4000',
  level: 'info',
  label: 'Folder Structure Task',
  timestamp: '2023-10-22T14:31:43.964Z'
}
{
  message: '📋 Database connected successfully',
  level: 'info',
  label: 'Folder Structure Task',
  timestamp: '2023-10-22T14:34:39.285Z'
}
{
  message: 'Application listening on port 4000',
  level: 'info',
  label: 'Folder Structure Task',
  timestamp: '2023-10-22T14:34:39.302Z'
}
{
  message: '📋 Database connected successfully',
  level: 'info',
  label: 'Folder Structure Task',
  timestamp: '2023-10-22T14:34:51.241Z'
}
{
  message: 'Application listening on port 4000',
  level: 'info',
  label: 'Folder Structure Task',
  timestamp: '2023-10-22T14:34:51.252Z'
}
{
  message: '📋 Database connected successfully',
  level: 'info',
  label: 'Folder Structure Task',
  timestamp: '2023-10-22T14:35:31.665Z'
}
{
  message: 'Application listening on port 4000',
  level: 'info',
  label: 'Folder Structure Task',
  timestamp: '2023-10-22T14:35:31.676Z'
}
{
  message: '📋 Database connected successfully',
  level: 'info',
  label: 'Folder Structure Task',
  timestamp: '2023-10-22T14:35:38.699Z'
}
{
  message: 'Application listening on port 4000',
  level: 'info',
  label: 'Folder Structure Task',
  timestamp: '2023-10-22T14:35:38.711Z'
}
{
  message: '📋 Database connected successfully',
  level: 'info',
  label: 'Folder Structure Task',
  timestamp: '2023-10-22T14:35:47.299Z'
}
{
  message: 'Application listening on port 4000',
  level: 'info',
  label: 'Folder Structure Task',
  timestamp: '2023-10-22T14:35:47.311Z'
}
{
  message: '📋 Database connected successfully',
  level: 'info',
  label: 'Folder Structure Task',
  timestamp: '2023-10-22T14:36:38.170Z'
}
{
  message: 'Application listening on port 4000',
  level: 'info',
  label: 'Folder Structure Task',
  timestamp: '2023-10-22T14:36:38.186Z'
}
{
  message: '📋 Database connected successfully',
  level: 'info',
  label: 'Folder Structure Task',
  timestamp: '2023-10-22T14:37:03.305Z'
}
{
  message: 'Application listening on port 4000',
  level: 'info',
  label: 'Folder Structure Task',
  timestamp: '2023-10-22T14:37:03.319Z'
}
{
  message: '📋 Database connected successfully',
  level: 'info',
  label: 'Folder Structure Task',
  timestamp: '2023-10-22T14:46:45.615Z'
}
{
  message: 'Application listening on port 4000',
  level: 'info',
  label: 'Folder Structure Task',
  timestamp: '2023-10-22T14:46:45.629Z'
}
{
  message: '📋 Database connected successfully',
  level: 'info',
  label: 'Folder Structure Task',
  timestamp: '2023-10-22T14:46:53.039Z'
}
{
  message: 'Application listening on port 4000',
  level: 'info',
  label: 'Folder Structure Task',
  timestamp: '2023-10-22T14:46:53.048Z'
}
{
  message: '📋 Database connected successfully',
  level: 'info',
  label: 'Folder Structure Task',
  timestamp: '2023-10-22T14:47:02.899Z'
}
{
  message: 'Application listening on port 4000',
  level: 'info',
  label: 'Folder Structure Task',
  timestamp: '2023-10-22T14:47:02.911Z'
}
{
  message: '📋 Database connected successfully',
  level: 'info',
  label: 'Folder Structure Task',
  timestamp: '2023-10-22T14:50:31.714Z'
}
{
  message: 'Application listening on port 4000',
  level: 'info',
  label: 'Folder Structure Task',
  timestamp: '2023-10-22T14:50:31.726Z'
}
{
  message: '📋 Database connected successfully',
  level: 'info',
  label: 'Folder Structure Task',
  timestamp: '2023-10-22T14:50:42.059Z'
}
{
  message: 'Application listening on port 4000',
  level: 'info',
  label: 'Folder Structure Task',
  timestamp: '2023-10-22T14:50:42.070Z'
}
{
  message: '📋 Database connected successfully',
  level: 'info',
  label: 'Folder Structure Task',
  timestamp: '2023-10-22T14:50:48.362Z'
}
{
  message: 'Application listening on port 4000',
  level: 'info',
  label: 'Folder Structure Task',
  timestamp: '2023-10-22T14:50:48.375Z'
}
{
  message: '📋 Database connected successfully',
  level: 'info',
  label: 'Folder Structure Task',
  timestamp: '2023-10-22T14:52:18.865Z'
}
{
  message: 'Application listening on port 4000',
  level: 'info',
  label: 'Folder Structure Task',
  timestamp: '2023-10-22T14:52:18.877Z'
}
