{
  message: '📋 Database connected successfully',
  level: 'info',
  label: 'Folder Structure Task',
  timestamp: '2023-10-27T12:02:54.639Z'
}
{
  message: 'Application listening on port 4000',
  level: 'info',
  label: 'Folder Structure Task',
  timestamp: '2023-10-27T12:02:54.657Z'
}
{
  message: '📋 Database connected successfully',
  level: 'info',
  label: 'Folder Structure Task',
  timestamp: '2023-10-27T12:03:54.148Z'
}
{
  message: 'Application listening on port 4000',
  level: 'info',
  label: 'Folder Structure Task',
  timestamp: '2023-10-27T12:03:54.166Z'
}
{
  message: '📋 Database connected successfully',
  level: 'info',
  label: 'Folder Structure Task',
  timestamp: '2023-10-27T12:30:23.503Z'
}
{
  message: 'Application listening on port 4000',
  level: 'info',
  label: 'Folder Structure Task',
  timestamp: '2023-10-27T12:30:23.527Z'
}
{
  message: '📋 Database connected successfully',
  level: 'info',
  label: 'Folder Structure Task',
  timestamp: '2023-10-27T12:34:37.315Z'
}
{
  message: 'Application listening on port 4000',
  level: 'info',
  label: 'Folder Structure Task',
  timestamp: '2023-10-27T12:34:37.335Z'
}
{
  message: '📋 Database connected successfully',
  level: 'info',
  label: 'Folder Structure Task',
  timestamp: '2023-10-27T12:36:30.569Z'
}
{
  message: 'Application listening on port 4000',
  level: 'info',
  label: 'Folder Structure Task',
  timestamp: '2023-10-27T12:36:30.592Z'
}
{
  message: '📋 Database connected successfully',
  level: 'info',
  label: 'Folder Structure Task',
  timestamp: '2023-10-27T12:37:05.995Z'
}
{
  message: 'Application listening on port 4000',
  level: 'info',
  label: 'Folder Structure Task',
  timestamp: '2023-10-27T12:37:06.014Z'
}
{
  message: '📋 Database connected successfully',
  level: 'info',
  label: 'Folder Structure Task',
  timestamp: '2023-10-27T12:39:25.164Z'
}
{
  message: 'Application listening on port 4000',
  level: 'info',
  label: 'Folder Structure Task',
  timestamp: '2023-10-27T12:39:25.183Z'
}
{
  message: '📋 Database connected successfully',
  level: 'info',
  label: 'Folder Structure Task',
  timestamp: '2023-10-27T12:44:00.821Z'
}
{
  message: 'Application listening on port 4000',
  level: 'info',
  label: 'Folder Structure Task',
  timestamp: '2023-10-27T12:44:00.835Z'
}
{
  message: '📋 Database connected successfully',
  level: 'info',
  label: 'Folder Structure Task',
  timestamp: '2023-10-27T12:44:20.793Z'
}
{
  message: 'Application listening on port 4000',
  level: 'info',
  label: 'Folder Structure Task',
  timestamp: '2023-10-27T12:44:20.815Z'
}
{
  message: '📋 Database connected successfully',
  level: 'info',
  label: 'Folder Structure Task',
  timestamp: '2023-10-27T12:44:46.289Z'
}
{
  message: 'Application listening on port 4000',
  level: 'info',
  label: 'Folder Structure Task',
  timestamp: '2023-10-27T12:44:46.305Z'
}
{
  message: '📋 Database connected successfully',
  level: 'info',
  label: 'Folder Structure Task',
  timestamp: '2023-10-27T12:47:49.279Z'
}
{
  message: 'Application listening on port 4000',
  level: 'info',
  label: 'Folder Structure Task',
  timestamp: '2023-10-27T12:47:49.295Z'
}
